{"C:\\Users\\obed.appiah\\Desktop\\Screen\\screen\\nocom\\src\\App.js": {"path":"C:\\Users\\obed.appiah\\Desktop\\Screen\\screen\\nocom\\src\\App.js","statementMap":{"0":{"start":{"line":10,"column":18},"end":{"line":15,"column":1}},"1":{"start":{"line":11,"column":2},"end":{"line":14,"column":8}},"2":{"start":{"line":17,"column":12},"end":{"line":45,"column":1}},"3":{"start":{"line":18,"column":2},"end":{"line":44,"column":4}}},"fnMap":{"0":{"name":"(anonymous_0)","decl":{"start":{"line":10,"column":18},"end":{"line":10,"column":19}},"loc":{"start":{"line":11,"column":2},"end":{"line":14,"column":8}},"line":11},"1":{"name":"(anonymous_1)","decl":{"start":{"line":17,"column":12},"end":{"line":17,"column":13}},"loc":{"start":{"line":17,"column":18},"end":{"line":45,"column":1}},"line":17}},"branchMap":{},"s":{"0":1,"1":1,"2":1,"3":2},"f":{"0":1,"1":2},"b":{},"_coverageSchema":"1a1c01bbd47fc00a2c39e90264f33305004495a9","hash":"081c7b97f6c41f5a8b5fd9806fb790f980dc1da7"}
,"C:\\Users\\obed.appiah\\Desktop\\Screen\\screen\\nocom\\src\\components\\Account.js": {"path":"C:\\Users\\obed.appiah\\Desktop\\Screen\\screen\\nocom\\src\\components\\Account.js","statementMap":{"0":{"start":{"line":5,"column":30},"end":{"line":5,"column":45}},"1":{"start":{"line":7,"column":25},"end":{"line":9,"column":3}},"2":{"start":{"line":8,"column":4},"end":{"line":8,"column":23}},"3":{"start":{"line":10,"column":2},"end":{"line":31,"column":4}}},"fnMap":{"0":{"name":"Account","decl":{"start":{"line":4,"column":9},"end":{"line":4,"column":16}},"loc":{"start":{"line":4,"column":19},"end":{"line":32,"column":1}},"line":4},"1":{"name":"(anonymous_1)","decl":{"start":{"line":7,"column":25},"end":{"line":7,"column":26}},"loc":{"start":{"line":7,"column":31},"end":{"line":9,"column":3}},"line":7}},"branchMap":{"0":{"loc":{"start":{"line":15,"column":7},"end":{"line":29,"column":7}},"type":"binary-expr","locations":[{"start":{"line":15,"column":7},"end":{"line":15,"column":13}},{"start":{"line":16,"column":8},"end":{"line":28,"column":14}}],"line":15}},"s":{"0":7,"1":7,"2":3,"3":7},"f":{"0":7,"1":3},"b":{"0":[7,2]},"_coverageSchema":"1a1c01bbd47fc00a2c39e90264f33305004495a9","hash":"698bc206f9b9003b51102a794c0a136c01ea01f6"}
,"C:\\Users\\obed.appiah\\Desktop\\Screen\\screen\\nocom\\src\\components\\Input.js": {"path":"C:\\Users\\obed.appiah\\Desktop\\Screen\\screen\\nocom\\src\\components\\Input.js","statementMap":{"0":{"start":{"line":8,"column":19},"end":{"line":8,"column":32}},"1":{"start":{"line":9,"column":28},"end":{"line":9,"column":42}},"2":{"start":{"line":11,"column":23},"end":{"line":87,"column":3}},"3":{"start":{"line":12,"column":4},"end":{"line":12,"column":23}},"4":{"start":{"line":13,"column":17},"end":{"line":13,"column":25}},"5":{"start":{"line":14,"column":21},"end":{"line":14,"column":39}},"6":{"start":{"line":15,"column":21},"end":{"line":15,"column":59}},"7":{"start":{"line":16,"column":30},"end":{"line":16,"column":38}},"8":{"start":{"line":18,"column":4},"end":{"line":21,"column":5}},"9":{"start":{"line":19,"column":6},"end":{"line":19,"column":46}},"10":{"start":{"line":20,"column":6},"end":{"line":20,"column":13}},"11":{"start":{"line":23,"column":4},"end":{"line":86,"column":5}},"12":{"start":{"line":24,"column":6},"end":{"line":24,"column":21}},"13":{"start":{"line":25,"column":19},"end":{"line":25,"column":50}},"14":{"start":{"line":27,"column":21},"end":{"line":30,"column":8}},"15":{"start":{"line":32,"column":25},"end":{"line":60,"column":8}},"16":{"start":{"line":62,"column":25},"end":{"line":62,"column":62}},"17":{"start":{"line":65,"column":25},"end":{"line":65,"column":55}},"18":{"start":{"line":66,"column":25},"end":{"line":66,"column":53}},"19":{"start":{"line":68,"column":20},"end":{"line":70,"column":29}},"20":{"start":{"line":72,"column":26},"end":{"line":72,"column":67}},"21":{"start":{"line":74,"column":6},"end":{"line":82,"column":9}},"22":{"start":{"line":84,"column":6},"end":{"line":84,"column":48}},"23":{"start":{"line":85,"column":6},"end":{"line":85,"column":42}},"24":{"start":{"line":89,"column":2},"end":{"line":114,"column":4}}},"fnMap":{"0":{"name":"Input","decl":{"start":{"line":7,"column":9},"end":{"line":7,"column":14}},"loc":{"start":{"line":7,"column":17},"end":{"line":115,"column":1}},"line":7},"1":{"name":"(anonymous_1)","decl":{"start":{"line":11,"column":23},"end":{"line":11,"column":24}},"loc":{"start":{"line":11,"column":36},"end":{"line":87,"column":3}},"line":11}},"branchMap":{"0":{"loc":{"start":{"line":18,"column":4},"end":{"line":21,"column":5}},"type":"if","locations":[{"start":{"line":18,"column":4},"end":{"line":21,"column":5}},{"start":{},"end":{}}],"line":18},"1":{"loc":{"start":{"line":68,"column":20},"end":{"line":70,"column":29}},"type":"cond-expr","locations":[{"start":{"line":69,"column":10},"end":{"line":69,"column":66}},{"start":{"line":70,"column":10},"end":{"line":70,"column":29}}],"line":68},"2":{"loc":{"start":{"line":79,"column":23},"end":{"line":79,"column":63}},"type":"binary-expr","locations":[{"start":{"line":79,"column":23},"end":{"line":79,"column":34}},{"start":{"line":79,"column":38},"end":{"line":79,"column":63}}],"line":79},"3":{"loc":{"start":{"line":80,"column":17},"end":{"line":80,"column":45}},"type":"binary-expr","locations":[{"start":{"line":80,"column":17},"end":{"line":80,"column":22}},{"start":{"line":80,"column":26},"end":{"line":80,"column":45}}],"line":80},"4":{"loc":{"start":{"line":112,"column":7},"end":{"line":112,"column":65}},"type":"binary-expr","locations":[{"start":{"line":112,"column":7},"end":{"line":112,"column":12}},{"start":{"line":112,"column":16},"end":{"line":112,"column":65}}],"line":112}},"s":{"0":8,"1":8,"2":8,"3":4,"4":4,"5":4,"6":4,"7":4,"8":4,"9":1,"10":1,"11":3,"12":3,"13":3,"14":3,"15":3,"16":3,"17":3,"18":3,"19":3,"20":3,"21":3,"22":0,"23":0,"24":8},"f":{"0":8,"1":4},"b":{"0":[1,3],"1":[2,1],"2":[3,0],"3":[3,0],"4":[8,1]},"_coverageSchema":"1a1c01bbd47fc00a2c39e90264f33305004495a9","hash":"d2494fa96f1c847ad0c5c509630c8fb315410f87"}
,"C:\\Users\\obed.appiah\\Desktop\\Screen\\screen\\nocom\\src\\components\\InputBox.js": {"path":"C:\\Users\\obed.appiah\\Desktop\\Screen\\screen\\nocom\\src\\components\\InputBox.js","statementMap":{"0":{"start":{"line":5,"column":28},"end":{"line":5,"column":49}},"1":{"start":{"line":6,"column":24},"end":{"line":21,"column":3}},"2":{"start":{"line":7,"column":4},"end":{"line":20,"column":5}},"3":{"start":{"line":8,"column":6},"end":{"line":8,"column":25}},"4":{"start":{"line":9,"column":18},"end":{"line":9,"column":32}},"5":{"start":{"line":10,"column":29},"end":{"line":10,"column":52}},"6":{"start":{"line":11,"column":14},"end":{"line":11,"column":28}},"7":{"start":{"line":12,"column":6},"end":{"line":14,"column":7}},"8":{"start":{"line":13,"column":8},"end":{"line":13,"column":12}},"9":{"start":{"line":15,"column":23},"end":{"line":15,"column":72}},"10":{"start":{"line":16,"column":6},"end":{"line":16,"column":25}},"11":{"start":{"line":17,"column":6},"end":{"line":19,"column":12}},"12":{"start":{"line":18,"column":8},"end":{"line":18,"column":77}},"13":{"start":{"line":22,"column":2},"end":{"line":31,"column":4}},"14":{"start":{"line":29,"column":23},"end":{"line":29,"column":47}}},"fnMap":{"0":{"name":"InputBox","decl":{"start":{"line":4,"column":9},"end":{"line":4,"column":17}},"loc":{"start":{"line":4,"column":25},"end":{"line":32,"column":1}},"line":4},"1":{"name":"(anonymous_1)","decl":{"start":{"line":6,"column":24},"end":{"line":6,"column":25}},"loc":{"start":{"line":6,"column":31},"end":{"line":21,"column":3}},"line":6},"2":{"name":"(anonymous_2)","decl":{"start":{"line":17,"column":17},"end":{"line":17,"column":18}},"loc":{"start":{"line":17,"column":29},"end":{"line":19,"column":7}},"line":17},"3":{"name":"(anonymous_3)","decl":{"start":{"line":29,"column":16},"end":{"line":29,"column":17}},"loc":{"start":{"line":29,"column":23},"end":{"line":29,"column":47}},"line":29}},"branchMap":{"0":{"loc":{"start":{"line":7,"column":4},"end":{"line":20,"column":5}},"type":"if","locations":[{"start":{"line":7,"column":4},"end":{"line":20,"column":5}},{"start":{},"end":{}}],"line":7},"1":{"loc":{"start":{"line":12,"column":13},"end":{"line":12,"column":47}},"type":"binary-expr","locations":[{"start":{"line":12,"column":13},"end":{"line":12,"column":33}},{"start":{"line":12,"column":37},"end":{"line":12,"column":47}}],"line":12}},"s":{"0":82,"1":82,"2":5,"3":4,"4":4,"5":4,"6":4,"7":4,"8":2,"9":4,"10":4,"11":4,"12":4,"13":82,"14":12},"f":{"0":82,"1":5,"2":4,"3":12},"b":{"0":[4,1],"1":[6,4]},"_coverageSchema":"1a1c01bbd47fc00a2c39e90264f33305004495a9","hash":"805086c000ecf42f24af0a96859caebf96678194"}
,"C:\\Users\\obed.appiah\\Desktop\\Screen\\screen\\nocom\\src\\components\\LoginWidget.js": {"path":"C:\\Users\\obed.appiah\\Desktop\\Screen\\screen\\nocom\\src\\components\\LoginWidget.js","statementMap":{"0":{"start":{"line":5,"column":20},"end":{"line":48,"column":1}},"1":{"start":{"line":6,"column":28},"end":{"line":6,"column":40}},"2":{"start":{"line":7,"column":34},"end":{"line":7,"column":46}},"3":{"start":{"line":8,"column":19},"end":{"line":8,"column":32}},"4":{"start":{"line":9,"column":23},"end":{"line":19,"column":3}},"5":{"start":{"line":10,"column":4},"end":{"line":10,"column":23}},"6":{"start":{"line":13,"column":4},"end":{"line":18,"column":5}},"7":{"start":{"line":14,"column":6},"end":{"line":14,"column":21}},"8":{"start":{"line":15,"column":6},"end":{"line":15,"column":23}},"9":{"start":{"line":17,"column":6},"end":{"line":17,"column":41}},"10":{"start":{"line":21,"column":2},"end":{"line":47,"column":4}},"11":{"start":{"line":31,"column":29},"end":{"line":31,"column":53}},"12":{"start":{"line":40,"column":29},"end":{"line":40,"column":56}}},"fnMap":{"0":{"name":"(anonymous_0)","decl":{"start":{"line":5,"column":20},"end":{"line":5,"column":21}},"loc":{"start":{"line":5,"column":26},"end":{"line":48,"column":1}},"line":5},"1":{"name":"(anonymous_1)","decl":{"start":{"line":9,"column":23},"end":{"line":9,"column":24}},"loc":{"start":{"line":9,"column":30},"end":{"line":19,"column":3}},"line":9},"2":{"name":"(anonymous_2)","decl":{"start":{"line":31,"column":22},"end":{"line":31,"column":23}},"loc":{"start":{"line":31,"column":29},"end":{"line":31,"column":53}},"line":31},"3":{"name":"(anonymous_3)","decl":{"start":{"line":40,"column":22},"end":{"line":40,"column":23}},"loc":{"start":{"line":40,"column":29},"end":{"line":40,"column":56}},"line":40}},"branchMap":{"0":{"loc":{"start":{"line":13,"column":4},"end":{"line":18,"column":5}},"type":"if","locations":[{"start":{"line":13,"column":4},"end":{"line":18,"column":5}},{"start":{"line":16,"column":11},"end":{"line":18,"column":5}}],"line":13},"1":{"loc":{"start":{"line":13,"column":8},"end":{"line":13,"column":64}},"type":"binary-expr","locations":[{"start":{"line":13,"column":8},"end":{"line":13,"column":37}},{"start":{"line":13,"column":41},"end":{"line":13,"column":64}}],"line":13}},"s":{"0":2,"1":11,"2":11,"3":11,"4":11,"5":2,"6":2,"7":1,"8":1,"9":1,"10":11,"11":3,"12":3},"f":{"0":11,"1":2,"2":3,"3":3},"b":{"0":[1,1],"1":[2,2]},"_coverageSchema":"1a1c01bbd47fc00a2c39e90264f33305004495a9","hash":"56859bc91a0b12e170bb7a9add83f469e2b1caf3"}
,"C:\\Users\\obed.appiah\\Desktop\\Screen\\screen\\nocom\\src\\components\\Feedback\\Feedback.js": {"path":"C:\\Users\\obed.appiah\\Desktop\\Screen\\screen\\nocom\\src\\components\\Feedback\\Feedback.js","statementMap":{"0":{"start":{"line":8,"column":19},"end":{"line":8,"column":32}},"1":{"start":{"line":9,"column":19},"end":{"line":9,"column":32}},"2":{"start":{"line":10,"column":28},"end":{"line":10,"column":42}},"3":{"start":{"line":11,"column":45},"end":{"line":11,"column":65}},"4":{"start":{"line":13,"column":2},"end":{"line":22,"column":3}},"5":{"start":{"line":14,"column":4},"end":{"line":21,"column":6}},"6":{"start":{"line":17,"column":31},"end":{"line":17,"column":43}},"7":{"start":{"line":25,"column":21},"end":{"line":36,"column":3}},"8":{"start":{"line":26,"column":4},"end":{"line":35,"column":23}},"9":{"start":{"line":29,"column":22},"end":{"line":29,"column":54}},"10":{"start":{"line":30,"column":8},"end":{"line":32,"column":9}},"11":{"start":{"line":31,"column":10},"end":{"line":31,"column":51}},"12":{"start":{"line":33,"column":8},"end":{"line":33,"column":20}},"13":{"start":{"line":38,"column":22},"end":{"line":38,"column":76}},"14":{"start":{"line":40,"column":23},"end":{"line":108,"column":3}},"15":{"start":{"line":41,"column":4},"end":{"line":41,"column":23}},"16":{"start":{"line":42,"column":17},"end":{"line":42,"column":25}},"17":{"start":{"line":43,"column":21},"end":{"line":43,"column":39}},"18":{"start":{"line":44,"column":21},"end":{"line":44,"column":59}},"19":{"start":{"line":45,"column":40},"end":{"line":45,"column":48}},"20":{"start":{"line":46,"column":4},"end":{"line":49,"column":5}},"21":{"start":{"line":47,"column":6},"end":{"line":47,"column":46}},"22":{"start":{"line":48,"column":6},"end":{"line":48,"column":13}},"23":{"start":{"line":51,"column":4},"end":{"line":107,"column":5}},"24":{"start":{"line":52,"column":6},"end":{"line":52,"column":21}},"25":{"start":{"line":53,"column":19},"end":{"line":53,"column":50}},"26":{"start":{"line":55,"column":21},"end":{"line":58,"column":8}},"27":{"start":{"line":60,"column":25},"end":{"line":82,"column":8}},"28":{"start":{"line":84,"column":25},"end":{"line":84,"column":62}},"29":{"start":{"line":87,"column":25},"end":{"line":87,"column":55}},"30":{"start":{"line":88,"column":25},"end":{"line":88,"column":53}},"31":{"start":{"line":90,"column":20},"end":{"line":92,"column":29}},"32":{"start":{"line":94,"column":22},"end":{"line":94,"column":94}},"33":{"start":{"line":96,"column":6},"end":{"line":103,"column":9}},"34":{"start":{"line":105,"column":6},"end":{"line":105,"column":48}},"35":{"start":{"line":106,"column":6},"end":{"line":106,"column":42}},"36":{"start":{"line":110,"column":2},"end":{"line":136,"column":4}},"37":{"start":{"line":129,"column":29},"end":{"line":129,"column":41}},"38":{"start":{"line":133,"column":8},"end":{"line":133,"column":54}}},"fnMap":{"0":{"name":"Feedback","decl":{"start":{"line":7,"column":9},"end":{"line":7,"column":17}},"loc":{"start":{"line":7,"column":20},"end":{"line":137,"column":1}},"line":7},"1":{"name":"(anonymous_1)","decl":{"start":{"line":17,"column":25},"end":{"line":17,"column":26}},"loc":{"start":{"line":17,"column":31},"end":{"line":17,"column":43}},"line":17},"2":{"name":"(anonymous_2)","decl":{"start":{"line":25,"column":21},"end":{"line":25,"column":22}},"loc":{"start":{"line":25,"column":32},"end":{"line":36,"column":3}},"line":25},"3":{"name":"(anonymous_3)","decl":{"start":{"line":28,"column":11},"end":{"line":28,"column":12}},"loc":{"start":{"line":28,"column":21},"end":{"line":34,"column":7}},"line":28},"4":{"name":"(anonymous_4)","decl":{"start":{"line":40,"column":23},"end":{"line":40,"column":24}},"loc":{"start":{"line":40,"column":36},"end":{"line":108,"column":3}},"line":40},"5":{"name":"(anonymous_5)","decl":{"start":{"line":129,"column":23},"end":{"line":129,"column":24}},"loc":{"start":{"line":129,"column":29},"end":{"line":129,"column":41}},"line":129},"6":{"name":"(anonymous_6)","decl":{"start":{"line":132,"column":23},"end":{"line":132,"column":24}},"loc":{"start":{"line":133,"column":8},"end":{"line":133,"column":54}},"line":133}},"branchMap":{"0":{"loc":{"start":{"line":11,"column":45},"end":{"line":11,"column":65}},"type":"binary-expr","locations":[{"start":{"line":11,"column":45},"end":{"line":11,"column":59}},{"start":{"line":11,"column":63},"end":{"line":11,"column":65}}],"line":11},"1":{"loc":{"start":{"line":13,"column":2},"end":{"line":22,"column":3}},"type":"if","locations":[{"start":{"line":13,"column":2},"end":{"line":22,"column":3}},{"start":{},"end":{}}],"line":13},"2":{"loc":{"start":{"line":13,"column":6},"end":{"line":13,"column":37}},"type":"binary-expr","locations":[{"start":{"line":13,"column":6},"end":{"line":13,"column":11}},{"start":{"line":13,"column":15},"end":{"line":13,"column":27}},{"start":{"line":13,"column":31},"end":{"line":13,"column":37}}],"line":13},"3":{"loc":{"start":{"line":30,"column":8},"end":{"line":32,"column":9}},"type":"if","locations":[{"start":{"line":30,"column":8},"end":{"line":32,"column":9}},{"start":{},"end":{}}],"line":30},"4":{"loc":{"start":{"line":38,"column":22},"end":{"line":38,"column":76}},"type":"cond-expr","locations":[{"start":{"line":38,"column":54},"end":{"line":38,"column":71}},{"start":{"line":38,"column":74},"end":{"line":38,"column":76}}],"line":38},"5":{"loc":{"start":{"line":46,"column":4},"end":{"line":49,"column":5}},"type":"if","locations":[{"start":{"line":46,"column":4},"end":{"line":49,"column":5}},{"start":{},"end":{}}],"line":46},"6":{"loc":{"start":{"line":90,"column":20},"end":{"line":92,"column":29}},"type":"cond-expr","locations":[{"start":{"line":91,"column":10},"end":{"line":91,"column":66}},{"start":{"line":92,"column":10},"end":{"line":92,"column":29}}],"line":90},"7":{"loc":{"start":{"line":99,"column":23},"end":{"line":99,"column":63}},"type":"binary-expr","locations":[{"start":{"line":99,"column":23},"end":{"line":99,"column":34}},{"start":{"line":99,"column":38},"end":{"line":99,"column":63}}],"line":99},"8":{"loc":{"start":{"line":101,"column":17},"end":{"line":101,"column":45}},"type":"binary-expr","locations":[{"start":{"line":101,"column":17},"end":{"line":101,"column":22}},{"start":{"line":101,"column":26},"end":{"line":101,"column":45}}],"line":101},"9":{"loc":{"start":{"line":128,"column":7},"end":{"line":128,"column":80}},"type":"binary-expr","locations":[{"start":{"line":128,"column":7},"end":{"line":128,"column":12}},{"start":{"line":128,"column":16},"end":{"line":128,"column":80}}],"line":128}},"s":{"0":19,"1":19,"2":19,"3":19,"4":19,"5":3,"6":1,"7":16,"8":4,"9":8,"10":8,"11":7,"12":1,"13":16,"14":16,"15":4,"16":4,"17":4,"18":4,"19":4,"20":4,"21":1,"22":1,"23":3,"24":3,"25":3,"26":3,"27":3,"28":2,"29":2,"30":2,"31":2,"32":2,"33":2,"34":1,"35":1,"36":16,"37":1,"38":7},"f":{"0":19,"1":1,"2":4,"3":8,"4":4,"5":1,"6":7},"b":{"0":[19,3],"1":[3,16],"2":[19,4,4],"3":[7,1],"4":[4,12],"5":[1,3],"6":[1,1],"7":[2,0],"8":[2,0],"9":[16,3]},"_coverageSchema":"1a1c01bbd47fc00a2c39e90264f33305004495a9","hash":"8bcf1652770ff59bcfb6712865613976ff0ace57"}
}
