TN:
SF:src\App.js
FN:10,(anonymous_0)
FN:17,(anonymous_1)
FNF:2
FNH:2
FNDA:1,(anonymous_0)
FNDA:2,(anonymous_1)
DA:10,1
DA:11,1
DA:17,1
DA:18,2
LF:4
LH:4
BRF:0
BRH:0
end_of_record
TN:
SF:src\components\Account.js
FN:4,Account
FN:7,(anonymous_1)
FNF:2
FNH:2
FNDA:7,Account
FNDA:3,(anonymous_1)
DA:5,7
DA:7,7
DA:8,3
DA:10,7
LF:4
LH:4
BRDA:15,0,0,7
BRDA:15,0,1,2
BRF:2
BRH:2
end_of_record
TN:
SF:src\components\Input.js
FN:7,Input
FN:11,(anonymous_1)
FNF:2
FNH:2
FNDA:8,Input
FNDA:4,(anonymous_1)
DA:8,8
DA:9,8
DA:11,8
DA:12,4
DA:13,4
DA:14,4
DA:15,4
DA:16,4
DA:18,4
DA:19,1
DA:20,1
DA:23,3
DA:24,3
DA:25,3
DA:27,3
DA:32,3
DA:62,3
DA:65,3
DA:66,3
DA:68,3
DA:72,3
DA:74,3
DA:84,0
DA:85,0
DA:89,8
LF:25
LH:23
BRDA:18,0,0,1
BRDA:18,0,1,3
BRDA:68,1,0,2
BRDA:68,1,1,1
BRDA:79,2,0,3
BRDA:79,2,1,0
BRDA:80,3,0,3
BRDA:80,3,1,0
BRDA:112,4,0,8
BRDA:112,4,1,1
BRF:10
BRH:8
end_of_record
TN:
SF:src\components\InputBox.js
FN:4,InputBox
FN:6,(anonymous_1)
FN:17,(anonymous_2)
FN:29,(anonymous_3)
FNF:4
FNH:4
FNDA:82,InputBox
FNDA:5,(anonymous_1)
FNDA:4,(anonymous_2)
FNDA:12,(anonymous_3)
DA:5,82
DA:6,82
DA:7,5
DA:8,4
DA:9,4
DA:10,4
DA:11,4
DA:12,4
DA:13,2
DA:15,4
DA:16,4
DA:17,4
DA:18,4
DA:22,82
DA:29,12
LF:15
LH:15
BRDA:7,0,0,4
BRDA:7,0,1,1
BRDA:12,1,0,6
BRDA:12,1,1,4
BRF:4
BRH:4
end_of_record
TN:
SF:src\components\LoginWidget.js
FN:5,(anonymous_0)
FN:9,(anonymous_1)
FN:31,(anonymous_2)
FN:40,(anonymous_3)
FNF:4
FNH:4
FNDA:11,(anonymous_0)
FNDA:2,(anonymous_1)
FNDA:3,(anonymous_2)
FNDA:3,(anonymous_3)
DA:5,2
DA:6,11
DA:7,11
DA:8,11
DA:9,11
DA:10,2
DA:13,2
DA:14,1
DA:15,1
DA:17,1
DA:21,11
DA:31,3
DA:40,3
LF:13
LH:13
BRDA:13,0,0,1
BRDA:13,0,1,1
BRDA:13,1,0,2
BRDA:13,1,1,2
BRF:4
BRH:4
end_of_record
TN:
SF:src\components\Feedback\Feedback.js
FN:7,Feedback
FN:17,(anonymous_1)
FN:25,(anonymous_2)
FN:28,(anonymous_3)
FN:40,(anonymous_4)
FN:129,(anonymous_5)
FN:132,(anonymous_6)
FNF:7
FNH:7
FNDA:19,Feedback
FNDA:1,(anonymous_1)
FNDA:4,(anonymous_2)
FNDA:8,(anonymous_3)
FNDA:4,(anonymous_4)
FNDA:1,(anonymous_5)
FNDA:7,(anonymous_6)
DA:8,19
DA:9,19
DA:10,19
DA:11,19
DA:13,19
DA:14,3
DA:17,1
DA:25,16
DA:26,4
DA:29,8
DA:30,8
DA:31,7
DA:33,1
DA:38,16
DA:40,16
DA:41,4
DA:42,4
DA:43,4
DA:44,4
DA:45,4
DA:46,4
DA:47,1
DA:48,1
DA:51,3
DA:52,3
DA:53,3
DA:55,3
DA:60,3
DA:84,2
DA:87,2
DA:88,2
DA:90,2
DA:94,2
DA:96,2
DA:105,1
DA:106,1
DA:110,16
DA:129,1
DA:133,7
LF:39
LH:39
BRDA:11,0,0,19
BRDA:11,0,1,3
BRDA:13,1,0,3
BRDA:13,1,1,16
BRDA:13,2,0,19
BRDA:13,2,1,4
BRDA:13,2,2,4
BRDA:30,3,0,7
BRDA:30,3,1,1
BRDA:38,4,0,4
BRDA:38,4,1,12
BRDA:46,5,0,1
BRDA:46,5,1,3
BRDA:90,6,0,1
BRDA:90,6,1,1
BRDA:99,7,0,2
BRDA:99,7,1,0
BRDA:101,8,0,2
BRDA:101,8,1,0
BRDA:128,9,0,16
BRDA:128,9,1,3
BRF:21
BRH:19
end_of_record
